android-lunar-event/proguard_logs/seeds.txt
me.ji5.lunarevent.LunarEventApplication
me.ji5.lunarevent.LunarEventApplication: LunarEventApplication()
me.ji5.lunarevent.MainActivity
me.ji5.lunarevent.MainActivity: MainActivity()
me.ji5.lunarevent.NewEventActivity
me.ji5.lunarevent.NewEventActivity: NewEventActivity()
me.ji5.lunarevent.R$anim: int slide_down_in
me.ji5.lunarevent.R$anim: int slide_down_out
me.ji5.lunarevent.R$anim: int slide_left_in
me.ji5.lunarevent.R$anim: int slide_left_out
me.ji5.lunarevent.R$anim: int slide_right_in
me.ji5.lunarevent.R$anim: int slide_right_out
me.ji5.lunarevent.R$anim: int slide_up_in
me.ji5.lunarevent.R$anim: int slide_up_out
me.ji5.lunarevent.R$color: int ampm_text_color
me.ji5.lunarevent.R$color: int blue
me.ji5.lunarevent.R$color: int blue_focused
me.ji5.lunarevent.R$color: int calendar_header
me.ji5.lunarevent.R$color: int calendar_selected_date_text
me.ji5.lunarevent.R$color: int circle_background
me.ji5.lunarevent.R$color: int dark_gray
me.ji5.lunarevent.R$color: int darker_blue
me.ji5.lunarevent.R$color: int date_picker_selector
me.ji5.lunarevent.R$color: int date_picker_text_normal
me.ji5.lunarevent.R$color: int date_picker_view_animator
me.ji5.lunarevent.R$color: int date_picker_year_selector
me.ji5.lunarevent.R$color: int done_disabled_dark
me.ji5.lunarevent.R$color: int done_text_color
me.ji5.lunarevent.R$color: int done_text_color_dark
me.ji5.lunarevent.R$color: int done_text_color_dark_disabled
me.ji5.lunarevent.R$color: int done_text_color_dark_normal
me.ji5.lunarevent.R$color: int done_text_color_disabled
me.ji5.lunarevent.R$color: int done_text_color_normal
me.ji5.lunarevent.R$color: int light_gray
me.ji5.lunarevent.R$color: int line_background
me.ji5.lunarevent.R$color: int line_dark
me.ji5.lunarevent.R$color: int neutral_pressed
me.ji5.lunarevent.R$color: int numbers_text_color
me.ji5.lunarevent.R$color: int red
me.ji5.lunarevent.R$color: int red_focused
me.ji5.lunarevent.R$color: int transparent_black
me.ji5.lunarevent.R$color: int white
me.ji5.lunarevent.R$dimen: int activity_horizontal_margin
me.ji5.lunarevent.R$dimen: int activity_vertical_margin
me.ji5.lunarevent.R$dimen: int ampm_label_size
me.ji5.lunarevent.R$dimen: int ampm_left_padding
me.ji5.lunarevent.R$dimen: int date_picker_component_width
me.ji5.lunarevent.R$dimen: int date_picker_header_height
me.ji5.lunarevent.R$dimen: int date_picker_header_text_size
me.ji5.lunarevent.R$dimen: int date_picker_view_animator_height
me.ji5.lunarevent.R$dimen: int day_number_select_circle_radius
me.ji5.lunarevent.R$dimen: int day_number_size
me.ji5.lunarevent.R$dimen: int dialog_height
me.ji5.lunarevent.R$dimen: int done_button_height
me.ji5.lunarevent.R$dimen: int done_label_size
me.ji5.lunarevent.R$dimen: int extra_time_label_margin
me.ji5.lunarevent.R$dimen: int footer_height
me.ji5.lunarevent.R$dimen: int header_height
me.ji5.lunarevent.R$dimen: int left_side_width
me.ji5.lunarevent.R$dimen: int minimum_margin_sides
me.ji5.lunarevent.R$dimen: int minimum_margin_top_bottom
me.ji5.lunarevent.R$dimen: int month_day_label_text_size
me.ji5.lunarevent.R$dimen: int month_label_size
me.ji5.lunarevent.R$dimen: int month_list_item_header_height
me.ji5.lunarevent.R$dimen: int month_list_item_padding
me.ji5.lunarevent.R$dimen: int month_list_item_size
me.ji5.lunarevent.R$dimen: int month_select_circle_radius
me.ji5.lunarevent.R$dimen: int picker_dimen
me.ji5.lunarevent.R$dimen: int selected_calendar_layout_height
me.ji5.lunarevent.R$dimen: int selected_date_day_size
me.ji5.lunarevent.R$drawable: int done_background_color
me.ji5.lunarevent.R$drawable: int done_background_color_dark
me.ji5.lunarevent.R$drawable: int ic_launcher
...
com.ibm.icu.text.PluralRules$RuleList
com.ibm.icu.text.PluralRules$RuleList: boolean hasExplicitBoundingInfo
com.ibm.icu.text.PluralRules$RuleList: long serialVersionUID
com.ibm.icu.text.PluralRules$RuleList: java.util.List rules
com.ibm.icu.text.PluralRules$RuleList: com.ibm.icu.text.PluralRules$RuleList addRule(com.ibm.icu.text.PluralRules$Rule)
com.ibm.icu.text.PluralRules$RuleList: com.ibm.icu.text.PluralRules$RuleList finish()
com.ibm.icu.text.PluralRules$RuleList: java.lang.String select(com.ibm.icu.text.PluralRules$FixedDecimal)
com.ibm.icu.text.PluralRules$RuleList: java.util.Set getKeywords()
com.ibm.icu.text.PluralRules$RuleList: boolean isLimited(java.lang.String,com.ibm.icu.text.PluralRules$SampleType)
com.ibm.icu.text.PluralRules$RuleList: boolean computeLimited(java.lang.String,com.ibm.icu.text.PluralRules$SampleType)
com.ibm.icu.text.PluralRules$RuleList: java.lang.String toString()
com.ibm.icu.text.PluralRules$RuleList: java.lang.String getRules(java.lang.String)
com.ibm.icu.text.PluralRules$RuleList: boolean select(com.ibm.icu.text.PluralRules$FixedDecimal,java.lang.String)
com.ibm.icu.text.PluralRules$RuleList: com.ibm.icu.text.PluralRules$FixedDecimalSamples getDecimalSamples(java.lang.String,com.ibm.icu.text.PluralRules$SampleType)
com.ibm.icu.text.PluralRules$RuleList: PluralRules$RuleList(com.ibm.icu.text.PluralRules$1)
com.ibm.icu.text.PluralRules$RuleList: boolean access$276(com.ibm.icu.text.PluralRules$RuleList,int)
com.ibm.icu.text.PluralRules$SampleType
com.ibm.icu.text.PluralRules$SampleType: com.ibm.icu.text.PluralRules$SampleType INTEGER
com.ibm.icu.text.PluralRules$SampleType: com.ibm.icu.text.PluralRules$SampleType DECIMAL
com.ibm.icu.text.PluralRules$SampleType: com.ibm.icu.text.PluralRules$SampleType[] values()
com.ibm.icu.text.PluralRules$SampleType: com.ibm.icu.text.PluralRules$SampleType valueOf(java.lang.String)
com.ibm.icu.text.PluralRules$SampleType: void <clinit>()
com.ibm.icu.text.PluralRules$StandardPluralCategories
com.ibm.icu.text.PluralRules$StandardPluralCategories: com.ibm.icu.text.PluralRules$StandardPluralCategories zero
com.ibm.icu.text.PluralRules$StandardPluralCategories: com.ibm.icu.text.PluralRules$StandardPluralCategories one
com.ibm.icu.text.PluralRules$StandardPluralCategories: com.ibm.icu.text.PluralRules$StandardPluralCategories two
com.ibm.icu.text.PluralRules$StandardPluralCategories: com.ibm.icu.text.PluralRules$StandardPluralCategories few
com.ibm.icu.text.PluralRules$StandardPluralCategories: com.ibm.icu.text.PluralRules$StandardPluralCategories many
com.ibm.icu.text.PluralRules$StandardPluralCategories: com.ibm.icu.text.PluralRules$StandardPluralCategories other
com.ibm.icu.text.PluralRules$StandardPluralCategories: com.ibm.icu.text.PluralRules$StandardPluralCategories[] values()
com.ibm.icu.text.PluralRules$StandardPluralCategories: com.ibm.icu.text.PluralRules$StandardPluralCategories valueOf(java.lang.String)
com.ibm.icu.text.PluralRules$StandardPluralCategories: com.ibm.icu.text.PluralRules$StandardPluralCategories forString(java.lang.String)
com.ibm.icu.text.PluralRules$StandardPluralCategories: void <clinit>()
com.ibm.icu.text.PluralRulesSerialProxy
com.ibm.icu.text.PluralRulesSerialProxy: long serialVersionUID
com.ibm.icu.text.PluralRulesSerialProxy: java.lang.String data
com.ibm.icu.text.PluralRulesSerialProxy: PluralRulesSerialProxy(java.lang.String)
com.ibm.icu.text.PluralRulesSerialProxy: java.lang.Object readResolve()