android-lunar-event/proguard_logs/mapping.txt
me.ji5.lunarevent.LunarEventApplication -> me.ji5.lunarevent.LunarEventApplication:
    19:30:void onCreate() -> onCreate
me.ji5.lunarevent.MainActivity -> me.ji5.lunarevent.MainActivity:
    android.support.v4.view.ViewPager mPager -> aA
    me.ji5.lunarevent.adapter.MainFragmentAdapter mAdapter -> Qk
    27:34:void onCreate(android.os.Bundle) -> onCreate
    38:40:boolean onCreateOptionsMenu(android.view.Menu) -> onCreateOptionsMenu
    45:58:boolean onOptionsItemSelected(android.view.MenuItem) -> onOptionsItemSelected
    62:67:void initViews() -> jW
me.ji5.lunarevent.NewEventActivity -> me.ji5.lunarevent.NewEventActivity:
    19:21:void onCreate(android.os.Bundle) -> onCreate
    25:27:boolean onCreateOptionsMenu(android.view.Menu) -> onCreateOptionsMenu
    32:45:boolean onOptionsItemSelected(android.view.MenuItem) -> onOptionsItemSelected
    50:52:void onFragmentInteraction(android.net.Uri,android.content.Intent) -> a
me.ji5.lunarevent.ScheduleListActivity -> me.ji5.lunarevent.ScheduleListActivity:
    android.support.v4.view.ViewPager mPager -> aA
    me.ji5.lunarevent.adapter.ScheduleFragmentAdapter mAdapter -> Ql
    22:26:void onCreate(android.os.Bundle) -> onCreate
    30:32:boolean onCreateOptionsMenu(android.view.Menu) -> onCreateOptionsMenu
    37:50:boolean onOptionsItemSelected(android.view.MenuItem) -> onOptionsItemSelected
    54:59:void initViews() -> jW
me.ji5.lunarevent.adapter.CalendarSpinnerAdapter -> me.ji5.lunarevent.a.a:
    25:25:android.view.View getDropDownView(int,android.view.View,android.view.ViewGroup) -> getDropDownView
    29:29:android.view.View getView(int,android.view.View,android.view.ViewGroup) -> getView
    32:40:android.view.View getCustomView(int,android.view.View,android.view.ViewGroup) -> a
me.ji5.lunarevent.adapter.EventListAdapter -> me.ji5.lunarevent.a.b:
    java.util.HashMap mCalendarMap -> Qm
    me.ji5.utils.CalendarContentResolver mCalResolver -> Qn
    int mLayoutResId -> Qo
    51:100:android.view.View getView(int,android.view.View,android.view.ViewGroup) -> getView
    104:116:void sort(int) -> eZ
    119:127:me.ji5.lunarevent.adapter.EventListAdapter$ViewHolder createViewHolder(android.view.View,int) -> j
me.ji5.lunarevent.adapter.EventListAdapter$ViewHolder -> me.ji5.lunarevent.a.c:
    android.widget.TextView tv_title -> Qp
    android.widget.TextView tv_title_sub -> Qq
    android.widget.TextView tv_subtitle -> Qr
    android.widget.TextView tv_desc -> Qs
    android.widget.TextView tv_timestamp -> Qt
    android.view.View v_cal_color_bar -> Qu
me.ji5.lunarevent.adapter.MainFragmentAdapter -> me.ji5.lunarevent.a.d:
    android.support.v4.app.Fragment[] mFragments -> Qv
    22:22:int getCount() -> getCount
    27:44:android.support.v4.app.Fragment getItem(int) -> getItem
me.ji5.lunarevent.adapter.ScheduleFragmentAdapter -> me.ji5.lunarevent.a.e:
    android.support.v4.app.Fragment[] mFragments -> Qv
    22:22:int getCount() -> getCount
    27:44:android.support.v4.app.Fragment getItem(int) -> getItem
me.ji5.lunarevent.adapter.ScheduleListAdapter -> me.ji5.lunarevent.a.f:
    me.ji5.utils.CalendarContentResolver mCalResolver -> Qn
    me.ji5.data.GoogleEvent mEvent -> Qw
    int mLayoutResId -> Qo
    53:100:android.view.View getView(int,android.view.View,android.view.ViewGroup) -> getView
    119:127:me.ji5.lunarevent.adapter.ScheduleListAdapter$ViewHolder createViewHolder(android.view.View,int) -> k
me.ji5.lunarevent.adapter.ScheduleListAdapter$ViewHolder -> me.ji5.lunarevent.a.g:
    android.widget.TextView tv_title -> Qp
    android.widget.TextView tv_title_sub -> Qq
    android.widget.TextView tv_subtitle -> Qr
    android.widget.TextView tv_desc -> Qs
    android.widget.TextView tv_timestamp -> Qt
    android.view.View v_cal_color_bar -> Qu
...
com.ibm.icu.util.Currency$1 -> com.ibm.icu.util.s:
com.ibm.icu.util.Currency$CurrencyNameResultHandler -> com.ibm.icu.util.t:
    int bestMatchLength -> Hs
    java.lang.String bestCurrencyISOCode -> Ht
    706:712:boolean handlePrefixMatch(int,java.util.Iterator) -> a
    716:716:java.lang.String getBestCurrencyISOCode() -> gH
    720:720:int getBestMatchLength() -> gI
com.ibm.icu.util.Currency$CurrencyStringInfo -> com.ibm.icu.util.u:
    java.lang.String isoCode -> isoCode
    java.lang.String currencyString -> Hu
    686:686:java.lang.String getISOCode() -> gJ
com.ibm.icu.util.Currency$EquivalenceRelation -> com.ibm.icu.util.v:
    java.util.Map data -> Hv
    884:894:com.ibm.icu.util.Currency$EquivalenceRelation add(java.lang.Object[]) -> a
    898:902:java.util.Set get(java.lang.Object) -> P
com.ibm.icu.util.Currency$ServiceShim -> com.ibm.icu.util.w:
    com.ibm.icu.util.ULocale[] getAvailableULocales() -> getAvailableULocales
    java.util.Locale[] getAvailableLocales() -> getAvailableLocales
    com.ibm.icu.util.Currency createInstance(com.ibm.icu.util.ULocale) -> u
    java.lang.Object registerInstance(com.ibm.icu.util.Currency,com.ibm.icu.util.ULocale) -> registerInstance
    boolean unregister(java.lang.Object) -> unregister
com.ibm.icu.util.CurrencyAmount -> com.ibm.icu.util.x:
    51:51:com.ibm.icu.util.Currency getCurrency() -> getCurrency
com.ibm.icu.util.CurrencyServiceShim -> com.ibm.icu.util.y:
    com.ibm.icu.impl.ICULocaleService service -> tw
    26:29:java.util.Locale[] getAvailableLocales() -> getAvailableLocales
    33:36:com.ibm.icu.util.ULocale[] getAvailableULocales() -> getAvailableULocales
    42:46:com.ibm.icu.util.Currency createInstance(com.ibm.icu.util.ULocale) -> u
    50:50:java.lang.Object registerInstance(com.ibm.icu.util.Currency,com.ibm.icu.util.ULocale) -> registerInstance
    54:54:boolean unregister(java.lang.Object) -> unregister
com.ibm.icu.util.CurrencyServiceShim$CFService -> com.ibm.icu.util.z:
com.ibm.icu.util.CurrencyServiceShim$CFService$1CurrencyFactory -> com.ibm.icu.util.aa:
    com.ibm.icu.util.CurrencyServiceShim$CFService this$0 -> Hw
    63:63:java.lang.Object handleCreate(com.ibm.icu.util.ULocale,int,com.ibm.icu.impl.ICUService) -> a
com.ibm.icu.util.DangiCalendar -> com.ibm.icu.util.DangiCalendar:
    long serialVersionUID -> serialVersionUID
    com.ibm.icu.util.TimeZone KOREA_ZONE -> Hx
    123:123:java.lang.String getType() -> getType
com.ibm.icu.util.DateTimeRule -> com.ibm.icu.util.DateTimeRule:
    long serialVersionUID -> serialVersionUID
    int DOM -> DOM
    int DOW -> DOW
    int DOW_GEQ_DOM -> DOW_GEQ_DOM
    int DOW_LEQ_DOM -> DOW_LEQ_DOM
    int WALL_TIME -> WALL_TIME
    int STANDARD_TIME -> STANDARD_TIME
    int UTC_TIME -> UTC_TIME
    int dateRuleType -> dateRuleType
    int month -> month
    int dayOfMonth -> dayOfMonth
    int dayOfWeek -> dayOfWeek
    int weekInMonth -> weekInMonth
    int timeRuleType -> timeRuleType
    int millisInDay -> millisInDay
    java.lang.String[] DOWSTR -> Hy
    java.lang.String[] MONSTR -> Hz
    182:182:int getDateRuleType() -> getDateRuleType
    193:193:int getRuleMonth() -> getRuleMonth
    205:205:int getRuleDayOfMonth() -> getRuleDayOfMonth
    217:217:int getRuleDayOfWeek() -> getRuleDayOfWeek
    230:230:int getRuleWeekInMonth() -> getRuleWeekInMonth
    242:242:int getTimeRuleType() -> getTimeRuleType
    253:253:int getRuleMillisInDay() -> getRuleMillisInDay
    267:325:java.lang.String toString() -> toString