android-lunar-event/proguard_logs/usage.txt
me.ji5.lunarevent.BuildConfig
me.ji5.lunarevent.LunarEventApplication:
    private static final java.lang.String APPLICATION_ID
    private static final java.lang.String CLIENT_KEY
me.ji5.lunarevent.MainActivity:
    protected static final boolean DEBUG_LOG
    72:72:public void onFragmentInteraction(android.net.Uri)
me.ji5.lunarevent.R
me.ji5.lunarevent.R$anim
me.ji5.lunarevent.R$attr
me.ji5.lunarevent.R$color
me.ji5.lunarevent.R$dimen
me.ji5.lunarevent.R$drawable
me.ji5.lunarevent.R$id
me.ji5.lunarevent.R$layout
me.ji5.lunarevent.R$menu
me.ji5.lunarevent.R$string
me.ji5.lunarevent.R$style
me.ji5.lunarevent.ScheduleListActivity:
    protected static final boolean DEBUG_LOG
    64:64:public void onFragmentInteraction(android.net.Uri)
me.ji5.lunarevent.adapter.EventListAdapter:
    protected static final boolean DEBUG_LOG
me.ji5.lunarevent.adapter.MainFragmentAdapter:
    48:48:public android.support.v4.app.Fragment getFragment(int)
me.ji5.lunarevent.adapter.ScheduleFragmentAdapter:
    48:48:public android.support.v4.app.Fragment getFragment(int)
me.ji5.lunarevent.adapter.ScheduleListAdapter:
    protected static final boolean DEBUG_LOG
    104:116:public void sort(int)
me.ji5.lunarevent.fragment.EventListFragment:
    protected static final boolean DEBUG_LOG
    287:290:public void onButtonPressed(android.net.Uri)
me.ji5.lunarevent.fragment.EventListFragment$OnFragmentInteractionListener:
    public abstract void onFragmentInteraction(android.net.Uri)
me.ji5.lunarevent.fragment.NewEventFragment:
    protected static final boolean DEBUG_LOG
    69:72:public static me.ji5.lunarevent.fragment.NewEventFragment newInstance()
me.ji5.lunarevent.fragment.ScheduleListFragment:
    protected static final boolean DEBUG_LOG
me.ji5.lunarevent.fragment.ScheduleListFragment$OnFragmentInteractionListener:
    public abstract void onFragmentInteraction(android.net.Uri)
me.ji5.lunarevent.provider.EventDbConstants
me.ji5.lunarevent.provider.EventProvider:
    protected static final java.lang.String TAG
    public static final java.lang.String AUTHORITY
    protected static final int EVENT_LIST
    protected static final int EVENT_ID
me.ji5.lunarevent.provider.EventProvider$Events
...
com.ibm.icu.impl.duration.TimeUnit
com.ibm.icu.impl.duration.TimeUnitConstants
com.ibm.icu.impl.duration.impl.DataRecord
com.ibm.icu.impl.duration.impl.DataRecord$ECountVariant
com.ibm.icu.impl.duration.impl.DataRecord$EDecimalHandling
com.ibm.icu.impl.duration.impl.DataRecord$EFractionHandling
com.ibm.icu.impl.duration.impl.DataRecord$EGender
com.ibm.icu.impl.duration.impl.DataRecord$EHalfPlacement
com.ibm.icu.impl.duration.impl.DataRecord$EHalfSupport
com.ibm.icu.impl.duration.impl.DataRecord$EMilliSupport
com.ibm.icu.impl.duration.impl.DataRecord$ENumberSystem
com.ibm.icu.impl.duration.impl.DataRecord$EPluralization
com.ibm.icu.impl.duration.impl.DataRecord$ESeparatorVariant
com.ibm.icu.impl.duration.impl.DataRecord$ETimeDirection
com.ibm.icu.impl.duration.impl.DataRecord$ETimeLimit
com.ibm.icu.impl.duration.impl.DataRecord$EUnitVariant
com.ibm.icu.impl.duration.impl.DataRecord$EZeroHandling
com.ibm.icu.impl.duration.impl.DataRecord$ScopeData
com.ibm.icu.impl.duration.impl.PeriodFormatterData
com.ibm.icu.impl.duration.impl.PeriodFormatterDataService
com.ibm.icu.impl.duration.impl.RecordReader
com.ibm.icu.impl.duration.impl.RecordWriter
com.ibm.icu.impl.duration.impl.ResourceBasedPeriodFormatterDataService
com.ibm.icu.impl.duration.impl.Utils
com.ibm.icu.impl.duration.impl.Utils$ChineseDigits
com.ibm.icu.impl.duration.impl.XMLRecordReader
com.ibm.icu.impl.duration.impl.XMLRecordWriter
com.ibm.icu.impl.duration.impl.YMDDateFormatter
com.ibm.icu.impl.locale.AsciiUtil:
    9:160:public AsciiUtil()
com.ibm.icu.impl.locale.BaseLocale:
    private static final boolean JDKIMPL
    public static final java.lang.String SEP
com.ibm.icu.impl.locale.Extension:
    24:24:public char getKey()
com.ibm.icu.impl.locale.InternalLocaleBuilder:
    private static final boolean JDKIMPL
    35:43:public com.ibm.icu.impl.locale.InternalLocaleBuilder setLanguage(java.lang.String)
    47:55:public com.ibm.icu.impl.locale.InternalLocaleBuilder setScript(java.lang.String)
    59:67:public com.ibm.icu.impl.locale.InternalLocaleBuilder setRegion(java.lang.String)
    71:82:public com.ibm.icu.impl.locale.InternalLocaleBuilder setVariant(java.lang.String)
    98:104:public com.ibm.icu.impl.locale.InternalLocaleBuilder removeUnicodeLocaleAttribute(java.lang.String)
    198:272:public com.ibm.icu.impl.locale.InternalLocaleBuilder setExtensions(java.lang.String)
com.ibm.icu.impl.locale.LanguageTag:
    private static final boolean JDKIMPL
    public static final java.lang.String SEP
    public static final java.lang.String PRIVATEUSE
    public static final java.lang.String PRIVUSE_VARIANT_PREFIX
    658:658:public static java.lang.String canonicalizeExtlang(java.lang.String)
    678:678:public static java.lang.String canonicalizeExtensionSingleton(java.lang.String)
    682:682:public static java.lang.String canonicalizeExtensionSubtag(java.lang.String)
    690:690:public static java.lang.String canonicalizePrivateuseSubtag(java.lang.String)
com.ibm.icu.impl.locale.LocaleExtensions:
    164:164:public boolean isEmpty()
    205:205:public java.lang.String getID()
com.ibm.icu.impl.locale.ParseStatus:
    25:25:public int getErrorIndex()
    29:29:public int getParseLength()
    33:33:public java.lang.String getErrorMessage()
com.ibm.icu.impl.locale.StringTokenIterator:
    25:26:public java.lang.String first()
    74:76:public com.ibm.icu.impl.locale.StringTokenIterator setText(java.lang.String)
com.ibm.icu.impl.locale.UnicodeLocaleExtension:
    public static final char SINGLETON